<?xml version="1.0" encoding="UTF-8"?>
<!-- Generated by org.testng.reporters.JUnitReportReporter -->
<testsuite hostname="Gate6-70" name="executeTest.ExecuteNewTest" tests="1" failures="0" timestamp="4 Jan 2018 12:31:17 GMT" time="17.398" errors="0">
  <testcase name="testLogin" time="17.398" classname="executeTest.ExecuteNewTest"/>
</testsuite>
